<?xml version="1.0" encoding="UTF-8"?>
<!-- Generated by org.testng.reporters.JUnitReportReporter -->
<testsuite hostname="datt" failures="0" tests="3" name="Login.NewTest" time="16.642" errors="0" timestamp="2025-03-02T17:10:05 ICT" skipped="0">
  <testcase classname="Login.NewTest" name="loginWithBlankFields" time="6.887"/>
  <testcase classname="Login.NewTest" name="loginSuccess" time="4.463"/>
  <testcase classname="Login.NewTest" name="loginWrongPass" time="5.292"/>
</testsuite> <!-- Login.NewTest -->
